<?xml version="1.0" encoding="UTF-8"?>
<!-- Generated by org.testng.reporters.JUnitReportReporter -->
<testsuite hostname="DELL" name="Training.TrainigDemo.DayTen" tests="1" failures="0" timestamp="9 Nov 2018 13:52:52 GMT" time="60.896" errors="0">
  <testcase name="test_02" time="60.896" classname="Training.TrainigDemo.DayTen"/>
</testsuite> <!-- Training.TrainigDemo.DayTen -->
