<?xml version="1.0" encoding="UTF-8"?>
<!-- Generated by org.testng.reporters.JUnitReportReporter -->
<testsuite hostname="DELL" name="Training.TrainigDemo.Day12" tests="1" failures="0" timestamp="13 Nov 2018 13:21:35 GMT" time="40.286" errors="0">
  <testcase name="test_03" time="40.286" classname="Training.TrainigDemo.Day12"/>
</testsuite> <!-- Training.TrainigDemo.Day12 -->
