<?xml version="1.0" encoding="UTF-8"?>
<!-- Generated by org.testng.reporters.JUnitReportReporter -->
<testsuite hostname="DELL" name="Training.TrainigDemo.DayEleven" tests="1" failures="0" timestamp="12 Nov 2018 12:55:57 GMT" time="58.782" errors="0">
  <testcase name="test_02" time="58.782" classname="Training.TrainigDemo.DayEleven"/>
</testsuite> <!-- Training.TrainigDemo.DayEleven -->
