<?xml version="1.0" encoding="UTF-8"?>
<!-- Generated by org.testng.reporters.JUnitReportReporter -->
<testsuite hostname="DELL" name="Training.TrainigDemo.Day12" tests="1" failures="0" timestamp="24 Dec 2018 11:54:24 GMT" time="49.170" errors="0">
  <testcase name="test_03" time="49.170" classname="Training.TrainigDemo.Day12"/>
</testsuite> <!-- Training.TrainigDemo.Day12 -->
