<?xml version="1.0" encoding="UTF-8"?>
<!-- Generated by org.testng.reporters.JUnitReportReporter -->
<testsuite hostname="DELL" name="Training.TrainigDemo.DayEight" tests="1" failures="0" timestamp="1 Nov 2018 13:22:15 GMT" time="108.735" errors="0">
  <testcase name="test_03" time="108.735" classname="Training.TrainigDemo.DayEight"/>
</testsuite> <!-- Training.TrainigDemo.DayEight -->
