<?xml version="1.0" encoding="UTF-8"?>
<!-- Generated by org.testng.reporters.JUnitReportReporter -->
<testsuite hostname="DELL" name="Training.TrainigDemo.MobileTest" tests="1" failures="0" timestamp="24 Oct 2018 12:35:35 GMT" time="20.829" errors="0">
  <testcase name="open" time="20.829" classname="Training.TrainigDemo.MobileTest"/>
</testsuite> <!-- Training.TrainigDemo.MobileTest -->
