<?xml version="1.0" encoding="UTF-8"?>
<!-- Generated by org.testng.reporters.JUnitReportReporter -->
<testsuite hostname="DELL" name="Training.TrainigDemo.DemoTest" tests="1" failures="0" timestamp="23 Oct 2018 14:12:41 GMT" time="14.532" errors="0">
  <testcase name="open" time="14.532" classname="Training.TrainigDemo.DemoTest"/>
</testsuite> <!-- Training.TrainigDemo.DemoTest -->
