<?xml version="1.0" encoding="UTF-8"?>
<!-- Generated by org.testng.reporters.JUnitReportReporter -->
<testsuite hostname="DELL" name="Training.TrainigDemo.DayTwo" tests="1" failures="0" timestamp="24 Oct 2018 13:41:22 GMT" time="34.418" errors="0">
  <testcase name="test_07" time="34.418" classname="Training.TrainigDemo.DayTwo"/>
</testsuite> <!-- Training.TrainigDemo.DayTwo -->
