<?xml version="1.0" encoding="UTF-8"?>
<!-- Generated by org.testng.reporters.JUnitReportReporter -->
<testsuite hostname="DELL" name="Training.TrainigDemo.DaySix" tests="1" failures="0" timestamp="29 Oct 2018 13:36:26 GMT" time="19.476" errors="0">
  <testcase name="test_06" time="19.476" classname="Training.TrainigDemo.DaySix"/>
</testsuite> <!-- Training.TrainigDemo.DaySix -->
