<?xml version="1.0" encoding="UTF-8"?>
<!-- Generated by org.testng.reporters.JUnitReportReporter -->
<testsuite hostname="DELL" name="Training.TrainigDemo.DayFour" tests="1" failures="0" timestamp="25 Oct 2018 13:56:07 GMT" time="29.325" errors="0">
  <testcase name="test_05" time="29.325" classname="Training.TrainigDemo.DayFour"/>
</testsuite> <!-- Training.TrainigDemo.DayFour -->
